g:\dobot\电设\negamaxsearch\negamaxsearch\x64\release\negamaxsearch.pch
g:\dobot\电设\negamaxsearch\negamaxsearch\x64\release\vc141.pdb
g:\dobot\电设\negamaxsearch\negamaxsearch\x64\release\stdafx.obj
g:\dobot\电设\negamaxsearch\negamaxsearch\x64\release\negamaxsearch.obj
g:\dobot\电设\negamaxsearch\negamaxsearch\x64\release\movegenerator.obj
g:\dobot\电设\negamaxsearch\negamaxsearch\x64\release\evaluation.obj
g:\dobot\电设\negamaxsearch\negamaxsearch\x64\release\dllmain.obj
g:\dobot\电设\negamaxsearch\x64\release\negamaxsearch.dll
g:\dobot\电设\negamaxsearch\x64\release\negamaxsearch.pdb
g:\dobot\电设\negamaxsearch\x64\release\negamaxsearch.lib
g:\dobot\电设\negamaxsearch\x64\release\negamaxsearch.exp
g:\dobot\电设\negamaxsearch\x64\release\negamaxsearch.ipdb
g:\dobot\电设\negamaxsearch\x64\release\negamaxsearch.iobj
g:\dobot\电设\negamaxsearch\negamaxsearch\x64\release\negamaxsearch.tlog\cl.command.1.tlog
g:\dobot\电设\negamaxsearch\negamaxsearch\x64\release\negamaxsearch.tlog\cl.read.1.tlog
g:\dobot\电设\negamaxsearch\negamaxsearch\x64\release\negamaxsearch.tlog\cl.write.1.tlog
g:\dobot\电设\negamaxsearch\negamaxsearch\x64\release\negamaxsearch.tlog\link.command.1.tlog
g:\dobot\电设\negamaxsearch\negamaxsearch\x64\release\negamaxsearch.tlog\link.read.1.tlog
g:\dobot\电设\negamaxsearch\negamaxsearch\x64\release\negamaxsearch.tlog\link.write.1.tlog
g:\dobot\电设\negamaxsearch\negamaxsearch\x64\release\negamaxsearch.tlog\negamaxsearch.write.1u.tlog
