g:\dobot\电设\negamaxsearch\negamaxsearch\x64\debug\negamaxsearch.pch
g:\dobot\电设\negamaxsearch\negamaxsearch\x64\debug\vc141.pdb
g:\dobot\电设\negamaxsearch\negamaxsearch\x64\debug\vc141.idb
g:\dobot\电设\negamaxsearch\negamaxsearch\x64\debug\stdafx.obj
g:\dobot\电设\negamaxsearch\negamaxsearch\x64\debug\negamaxsearch.obj
g:\dobot\电设\negamaxsearch\negamaxsearch\x64\debug\movegenerator.obj
g:\dobot\电设\negamaxsearch\negamaxsearch\x64\debug\evaluation.obj
g:\dobot\电设\negamaxsearch\negamaxsearch\x64\debug\dllmain.obj
g:\dobot\电设\negamaxsearch\x64\debug\negamaxsearch.ilk
g:\dobot\电设\negamaxsearch\x64\debug\negamaxsearch.dll
g:\dobot\电设\negamaxsearch\x64\debug\negamaxsearch.pdb
g:\dobot\电设\negamaxsearch\x64\debug\negamaxsearch.lib
g:\dobot\电设\negamaxsearch\x64\debug\negamaxsearch.exp
g:\dobot\电设\negamaxsearch\negamaxsearch\x64\debug\negamaxsearch.tlog\cl.command.1.tlog
g:\dobot\电设\negamaxsearch\negamaxsearch\x64\debug\negamaxsearch.tlog\cl.read.1.tlog
g:\dobot\电设\negamaxsearch\negamaxsearch\x64\debug\negamaxsearch.tlog\cl.write.1.tlog
g:\dobot\电设\negamaxsearch\negamaxsearch\x64\debug\negamaxsearch.tlog\link.command.1.tlog
g:\dobot\电设\negamaxsearch\negamaxsearch\x64\debug\negamaxsearch.tlog\link.read.1.tlog
g:\dobot\电设\negamaxsearch\negamaxsearch\x64\debug\negamaxsearch.tlog\link.write.1.tlog
g:\dobot\电设\negamaxsearch\negamaxsearch\x64\debug\negamaxsearch.tlog\negamaxsearch.write.1u.tlog
